D:\PROJECTS\CDC\VIDEOANALYZER\DEBUG\.NETFRAMEWORK,VERSION=V4.0.ASSEMBLYATTRIBUTES.OBJ
D:\PROJECTS\CDC\VIDEOANALYZER\DEBUG\APP.RES
D:\PROJECTS\CDC\VIDEOANALYZER\DEBUG\ASSEMBLYINFO.OBJ
D:\Projects\CDC\VideoAnalyzer\Debug\cl.command.1.tlog
D:\Projects\CDC\VideoAnalyzer\Debug\CL.read.1.tlog
D:\Projects\CDC\VideoAnalyzer\Debug\CL.read.2.tlog
D:\Projects\CDC\VideoAnalyzer\Debug\CL.write.1.tlog
D:\Projects\CDC\VideoAnalyzer\Debug\link.10120.read.1.tlog
D:\Projects\CDC\VideoAnalyzer\Debug\link.10120.read.2.tlog
D:\Projects\CDC\VideoAnalyzer\Debug\link.10120.write.1.tlog
D:\Projects\CDC\VideoAnalyzer\Debug\link.10120-cvtres.read.1.tlog
D:\Projects\CDC\VideoAnalyzer\Debug\link.10120-cvtres.write.1.tlog
D:\Projects\CDC\VideoAnalyzer\Debug\link.10456.read.1.tlog
D:\Projects\CDC\VideoAnalyzer\Debug\link.10456.read.2.tlog
D:\Projects\CDC\VideoAnalyzer\Debug\link.10456.write.1.tlog
D:\Projects\CDC\VideoAnalyzer\Debug\link.10456-cvtres.read.1.tlog
D:\Projects\CDC\VideoAnalyzer\Debug\link.10456-cvtres.write.1.tlog
D:\Projects\CDC\VideoAnalyzer\Debug\link.10596.read.1.tlog
D:\Projects\CDC\VideoAnalyzer\Debug\link.10596.read.2.tlog
D:\Projects\CDC\VideoAnalyzer\Debug\link.10596.write.1.tlog
D:\Projects\CDC\VideoAnalyzer\Debug\link.10596-cvtres.read.1.tlog
D:\Projects\CDC\VideoAnalyzer\Debug\link.10596-cvtres.write.1.tlog
D:\Projects\CDC\VideoAnalyzer\Debug\link.10732.read.1.tlog
D:\Projects\CDC\VideoAnalyzer\Debug\link.10732.read.2.tlog
D:\Projects\CDC\VideoAnalyzer\Debug\link.10732.write.1.tlog
D:\Projects\CDC\VideoAnalyzer\Debug\link.10732-cvtres.read.1.tlog
D:\Projects\CDC\VideoAnalyzer\Debug\link.10732-cvtres.write.1.tlog
D:\Projects\CDC\VideoAnalyzer\Debug\link.11148.read.1.tlog
D:\Projects\CDC\VideoAnalyzer\Debug\link.11148.read.2.tlog
D:\Projects\CDC\VideoAnalyzer\Debug\link.11148.write.1.tlog
D:\Projects\CDC\VideoAnalyzer\Debug\link.11148-cvtres.read.1.tlog
D:\Projects\CDC\VideoAnalyzer\Debug\link.11148-cvtres.write.1.tlog
D:\Projects\CDC\VideoAnalyzer\Debug\link.11176.read.1.tlog
D:\Projects\CDC\VideoAnalyzer\Debug\link.11176.read.2.tlog
D:\Projects\CDC\VideoAnalyzer\Debug\link.11176.write.1.tlog
D:\Projects\CDC\VideoAnalyzer\Debug\link.11176-cvtres.read.1.tlog
D:\Projects\CDC\VideoAnalyzer\Debug\link.11176-cvtres.write.1.tlog
D:\Projects\CDC\VideoAnalyzer\Debug\link.11336.read.1.tlog
D:\Projects\CDC\VideoAnalyzer\Debug\link.11336.read.2.tlog
D:\Projects\CDC\VideoAnalyzer\Debug\link.11336.write.1.tlog
D:\Projects\CDC\VideoAnalyzer\Debug\link.11336-cvtres.read.1.tlog
D:\Projects\CDC\VideoAnalyzer\Debug\link.11336-cvtres.write.1.tlog
D:\Projects\CDC\VideoAnalyzer\Debug\link.11344.read.1.tlog
D:\Projects\CDC\VideoAnalyzer\Debug\link.11344.read.2.tlog
D:\Projects\CDC\VideoAnalyzer\Debug\link.11344.write.1.tlog
D:\Projects\CDC\VideoAnalyzer\Debug\link.11344-cvtres.read.1.tlog
D:\Projects\CDC\VideoAnalyzer\Debug\link.11344-cvtres.write.1.tlog
D:\Projects\CDC\VideoAnalyzer\Debug\link.11360.read.1.tlog
D:\Projects\CDC\VideoAnalyzer\Debug\link.11360.read.2.tlog
D:\Projects\CDC\VideoAnalyzer\Debug\link.11360.write.1.tlog
D:\Projects\CDC\VideoAnalyzer\Debug\link.11360-cvtres.read.1.tlog
D:\Projects\CDC\VideoAnalyzer\Debug\link.11360-cvtres.write.1.tlog
D:\Projects\CDC\VideoAnalyzer\Debug\link.11560.read.1.tlog
D:\Projects\CDC\VideoAnalyzer\Debug\link.11560.read.2.tlog
D:\Projects\CDC\VideoAnalyzer\Debug\link.11560.write.1.tlog
D:\Projects\CDC\VideoAnalyzer\Debug\link.11560-cvtres.read.1.tlog
D:\Projects\CDC\VideoAnalyzer\Debug\link.11560-cvtres.write.1.tlog
D:\Projects\CDC\VideoAnalyzer\Debug\link.11768.read.1.tlog
D:\Projects\CDC\VideoAnalyzer\Debug\link.11768.read.2.tlog
D:\Projects\CDC\VideoAnalyzer\Debug\link.11768.write.1.tlog
D:\Projects\CDC\VideoAnalyzer\Debug\link.11768-cvtres.read.1.tlog
D:\Projects\CDC\VideoAnalyzer\Debug\link.11768-cvtres.write.1.tlog
D:\Projects\CDC\VideoAnalyzer\Debug\link.11804.read.1.tlog
D:\Projects\CDC\VideoAnalyzer\Debug\link.11804.read.2.tlog
D:\Projects\CDC\VideoAnalyzer\Debug\link.11804.write.1.tlog
D:\Projects\CDC\VideoAnalyzer\Debug\link.11804-cvtres.read.1.tlog
D:\Projects\CDC\VideoAnalyzer\Debug\link.11804-cvtres.write.1.tlog
D:\Projects\CDC\VideoAnalyzer\Debug\link.11920.read.1.tlog
D:\Projects\CDC\VideoAnalyzer\Debug\link.11920.read.2.tlog
D:\Projects\CDC\VideoAnalyzer\Debug\link.11920.write.1.tlog
D:\Projects\CDC\VideoAnalyzer\Debug\link.11920-cvtres.read.1.tlog
D:\Projects\CDC\VideoAnalyzer\Debug\link.11920-cvtres.write.1.tlog
D:\Projects\CDC\VideoAnalyzer\Debug\link.11960.read.1.tlog
D:\Projects\CDC\VideoAnalyzer\Debug\link.11960.read.2.tlog
D:\Projects\CDC\VideoAnalyzer\Debug\link.11960.write.1.tlog
D:\Projects\CDC\VideoAnalyzer\Debug\link.11960-cvtres.read.1.tlog
D:\Projects\CDC\VideoAnalyzer\Debug\link.11960-cvtres.write.1.tlog
D:\Projects\CDC\VideoAnalyzer\Debug\link.12472.read.1.tlog
D:\Projects\CDC\VideoAnalyzer\Debug\link.12472.read.2.tlog
D:\Projects\CDC\VideoAnalyzer\Debug\link.12472.write.1.tlog
D:\Projects\CDC\VideoAnalyzer\Debug\link.12472-cvtres.read.1.tlog
D:\Projects\CDC\VideoAnalyzer\Debug\link.12472-cvtres.write.1.tlog
D:\Projects\CDC\VideoAnalyzer\Debug\link.12584.read.1.tlog
D:\Projects\CDC\VideoAnalyzer\Debug\link.12584.read.2.tlog
D:\Projects\CDC\VideoAnalyzer\Debug\link.12584.write.1.tlog
D:\Projects\CDC\VideoAnalyzer\Debug\link.12584-cvtres.read.1.tlog
D:\Projects\CDC\VideoAnalyzer\Debug\link.12584-cvtres.write.1.tlog
D:\Projects\CDC\VideoAnalyzer\Debug\link.12712.read.1.tlog
D:\Projects\CDC\VideoAnalyzer\Debug\link.12712.read.2.tlog
D:\Projects\CDC\VideoAnalyzer\Debug\link.12712.write.1.tlog
D:\Projects\CDC\VideoAnalyzer\Debug\link.12712-cvtres.read.1.tlog
D:\Projects\CDC\VideoAnalyzer\Debug\link.12712-cvtres.write.1.tlog
D:\Projects\CDC\VideoAnalyzer\Debug\link.12744.read.1.tlog
D:\Projects\CDC\VideoAnalyzer\Debug\link.12744.read.2.tlog
D:\Projects\CDC\VideoAnalyzer\Debug\link.12744.write.1.tlog
D:\Projects\CDC\VideoAnalyzer\Debug\link.12744-cvtres.read.1.tlog
D:\Projects\CDC\VideoAnalyzer\Debug\link.12744-cvtres.write.1.tlog
D:\Projects\CDC\VideoAnalyzer\Debug\link.12796.read.1.tlog
D:\Projects\CDC\VideoAnalyzer\Debug\link.12796.read.2.tlog
D:\Projects\CDC\VideoAnalyzer\Debug\link.12796.write.1.tlog
D:\Projects\CDC\VideoAnalyzer\Debug\link.12796-cvtres.read.1.tlog
D:\Projects\CDC\VideoAnalyzer\Debug\link.12796-cvtres.write.1.tlog
D:\Projects\CDC\VideoAnalyzer\Debug\link.12996.read.1.tlog
D:\Projects\CDC\VideoAnalyzer\Debug\link.12996.read.2.tlog
D:\Projects\CDC\VideoAnalyzer\Debug\link.12996.write.1.tlog
D:\Projects\CDC\VideoAnalyzer\Debug\link.12996-cvtres.read.1.tlog
D:\Projects\CDC\VideoAnalyzer\Debug\link.12996-cvtres.write.1.tlog
D:\Projects\CDC\VideoAnalyzer\Debug\link.13132.read.1.tlog
D:\Projects\CDC\VideoAnalyzer\Debug\link.13132.read.2.tlog
D:\Projects\CDC\VideoAnalyzer\Debug\link.13132.write.1.tlog
D:\Projects\CDC\VideoAnalyzer\Debug\link.13132-cvtres.read.1.tlog
D:\Projects\CDC\VideoAnalyzer\Debug\link.13132-cvtres.write.1.tlog
D:\Projects\CDC\VideoAnalyzer\Debug\link.13160.read.1.tlog
D:\Projects\CDC\VideoAnalyzer\Debug\link.13160.read.2.tlog
D:\Projects\CDC\VideoAnalyzer\Debug\link.13160.write.1.tlog
D:\Projects\CDC\VideoAnalyzer\Debug\link.13160-cvtres.read.1.tlog
D:\Projects\CDC\VideoAnalyzer\Debug\link.13160-cvtres.write.1.tlog
D:\Projects\CDC\VideoAnalyzer\Debug\link.13192.read.1.tlog
D:\Projects\CDC\VideoAnalyzer\Debug\link.13192.read.2.tlog
D:\Projects\CDC\VideoAnalyzer\Debug\link.13192.write.1.tlog
D:\Projects\CDC\VideoAnalyzer\Debug\link.13192-cvtres.read.1.tlog
D:\Projects\CDC\VideoAnalyzer\Debug\link.13192-cvtres.write.1.tlog
D:\Projects\CDC\VideoAnalyzer\Debug\link.13220.read.1.tlog
D:\Projects\CDC\VideoAnalyzer\Debug\link.13220.read.2.tlog
D:\Projects\CDC\VideoAnalyzer\Debug\link.13220.write.1.tlog
D:\Projects\CDC\VideoAnalyzer\Debug\link.13220-cvtres.read.1.tlog
D:\Projects\CDC\VideoAnalyzer\Debug\link.13220-cvtres.write.1.tlog
D:\Projects\CDC\VideoAnalyzer\Debug\link.3432.read.1.tlog
D:\Projects\CDC\VideoAnalyzer\Debug\link.3432.read.2.tlog
D:\Projects\CDC\VideoAnalyzer\Debug\link.3432.write.1.tlog
D:\Projects\CDC\VideoAnalyzer\Debug\link.3432-cvtres.read.1.tlog
D:\Projects\CDC\VideoAnalyzer\Debug\link.3432-cvtres.write.1.tlog
D:\Projects\CDC\VideoAnalyzer\Debug\link.6020.read.1.tlog
D:\Projects\CDC\VideoAnalyzer\Debug\link.6020.read.2.tlog
D:\Projects\CDC\VideoAnalyzer\Debug\link.6020.write.1.tlog
D:\Projects\CDC\VideoAnalyzer\Debug\link.6020-cvtres.read.1.tlog
D:\Projects\CDC\VideoAnalyzer\Debug\link.6020-cvtres.write.1.tlog
D:\Projects\CDC\VideoAnalyzer\Debug\link.6684.read.1.tlog
D:\Projects\CDC\VideoAnalyzer\Debug\link.6684.read.2.tlog
D:\Projects\CDC\VideoAnalyzer\Debug\link.6684.write.1.tlog
D:\Projects\CDC\VideoAnalyzer\Debug\link.6684-cvtres.read.1.tlog
D:\Projects\CDC\VideoAnalyzer\Debug\link.6684-cvtres.write.1.tlog
D:\Projects\CDC\VideoAnalyzer\Debug\link.6736.read.1.tlog
D:\Projects\CDC\VideoAnalyzer\Debug\link.6736.read.2.tlog
D:\Projects\CDC\VideoAnalyzer\Debug\link.6736.write.1.tlog
D:\Projects\CDC\VideoAnalyzer\Debug\link.6736-cvtres.read.1.tlog
D:\Projects\CDC\VideoAnalyzer\Debug\link.6736-cvtres.write.1.tlog
D:\Projects\CDC\VideoAnalyzer\Debug\link.7620.read.1.tlog
D:\Projects\CDC\VideoAnalyzer\Debug\link.7620.read.2.tlog
D:\Projects\CDC\VideoAnalyzer\Debug\link.7620.write.1.tlog
D:\Projects\CDC\VideoAnalyzer\Debug\link.7620-cvtres.read.1.tlog
D:\Projects\CDC\VideoAnalyzer\Debug\link.7620-cvtres.write.1.tlog
D:\Projects\CDC\VideoAnalyzer\Debug\link.8708.read.1.tlog
D:\Projects\CDC\VideoAnalyzer\Debug\link.8708.read.2.tlog
D:\Projects\CDC\VideoAnalyzer\Debug\link.8708.write.1.tlog
D:\Projects\CDC\VideoAnalyzer\Debug\link.8708-cvtres.read.1.tlog
D:\Projects\CDC\VideoAnalyzer\Debug\link.8708-cvtres.write.1.tlog
D:\Projects\CDC\VideoAnalyzer\Debug\link.9396.read.1.tlog
D:\Projects\CDC\VideoAnalyzer\Debug\link.9396.read.2.tlog
D:\Projects\CDC\VideoAnalyzer\Debug\link.9396.write.1.tlog
D:\Projects\CDC\VideoAnalyzer\Debug\link.9396-cvtres.read.1.tlog
D:\Projects\CDC\VideoAnalyzer\Debug\link.9396-cvtres.write.1.tlog
D:\Projects\CDC\VideoAnalyzer\Debug\link.9676.read.1.tlog
D:\Projects\CDC\VideoAnalyzer\Debug\link.9676.read.2.tlog
D:\Projects\CDC\VideoAnalyzer\Debug\link.9676.write.1.tlog
D:\Projects\CDC\VideoAnalyzer\Debug\link.9676-cvtres.read.1.tlog
D:\Projects\CDC\VideoAnalyzer\Debug\link.9676-cvtres.write.1.tlog
D:\Projects\CDC\VideoAnalyzer\Debug\link.9904.read.1.tlog
D:\Projects\CDC\VideoAnalyzer\Debug\link.9904.read.2.tlog
D:\Projects\CDC\VideoAnalyzer\Debug\link.9904.write.1.tlog
D:\Projects\CDC\VideoAnalyzer\Debug\link.9904-cvtres.read.1.tlog
D:\Projects\CDC\VideoAnalyzer\Debug\link.9904-cvtres.write.1.tlog
D:\Projects\CDC\VideoAnalyzer\Debug\link.command.1.tlog
D:\Projects\CDC\VideoAnalyzer\Debug\link.read.1.tlog
D:\Projects\CDC\VideoAnalyzer\Debug\link.write.1.tlog
D:\Projects\CDC\VideoAnalyzer\Debug\mt.command.1.tlog
D:\Projects\CDC\VideoAnalyzer\Debug\mt.read.1.tlog
D:\Projects\CDC\VideoAnalyzer\Debug\mt.read.2.tlog
D:\Projects\CDC\VideoAnalyzer\Debug\mt.write.1.tlog
D:\Projects\CDC\VideoAnalyzer\Debug\rc.command.1.tlog
D:\Projects\CDC\VideoAnalyzer\Debug\rc.read.1.tlog
D:\Projects\CDC\VideoAnalyzer\Debug\rc.write.1.tlog
D:\PROJECTS\CDC\VIDEOANALYZER\DEBUG\STDAFX.OBJ
D:\PROJECTS\CDC\VIDEOANALYZER\DEBUG\VC100.PDB
D:\PROJECTS\CDC\VIDEOANALYZER\DEBUG\VIDEOANALYZER.EXE
D:\PROJECTS\CDC\VIDEOANALYZER\DEBUG\VIDEOANALYZER.EXE.INTERMEDIATE.MANIFEST
D:\Projects\CDC\VideoAnalyzer\Debug\VideoAnalyzer.Form1.resources
D:\PROJECTS\CDC\VIDEOANALYZER\DEBUG\VIDEOANALYZER.ILK
D:\PROJECTS\CDC\VIDEOANALYZER\DEBUG\VIDEOANALYZER.OBJ
D:\PROJECTS\CDC\VIDEOANALYZER\DEBUG\VIDEOANALYZER.PCH
D:\PROJECTS\CDC\VIDEOANALYZER\DEBUG\VIDEOANALYZER.PDB
D:\Projects\CDC\VideoAnalyzer\Debug\VideoAnalyzer.vcxproj.GenerateResource.Cache
D:\Projects\CDC\VideoAnalyzer\Debug\VideoAnalyzer.vcxprojResolveAssemblyReference.cache
D:\Projects\CDC\VideoAnalyzer\Debug\VideoAnalyzer.write.1.tlog
