D:\PROJECTS\VIDEOANALYZER\RELEASE\.NETFRAMEWORK,VERSION=V4.0.ASSEMBLYATTRIBUTES.OBJ
D:\PROJECTS\VIDEOANALYZER\RELEASE\APP.RES
D:\PROJECTS\VIDEOANALYZER\RELEASE\ASSEMBLYINFO.OBJ
D:\Projects\VideoAnalyzer\Release\cl.command.1.tlog
D:\Projects\VideoAnalyzer\Release\CL.read.1.tlog
D:\Projects\VideoAnalyzer\Release\CL.read.2.tlog
D:\Projects\VideoAnalyzer\Release\CL.write.1.tlog
D:\PROJECTS\VIDEOANALYZER\RELEASE\GUI_FUNCTIONS.OBJ
D:\Projects\VideoAnalyzer\Release\link.command.1.tlog
D:\Projects\VideoAnalyzer\Release\link.read.1.tlog
D:\Projects\VideoAnalyzer\Release\link.read.2.tlog
D:\Projects\VideoAnalyzer\Release\link.write.1.tlog
D:\Projects\VideoAnalyzer\Release\link-cvtres.read.1.tlog
D:\Projects\VideoAnalyzer\Release\link-cvtres.write.1.tlog
D:\Projects\VideoAnalyzer\Release\mt.command.1.tlog
D:\Projects\VideoAnalyzer\Release\mt.read.1.tlog
D:\Projects\VideoAnalyzer\Release\mt.read.2.tlog
D:\Projects\VideoAnalyzer\Release\mt.write.1.tlog
D:\Projects\VideoAnalyzer\Release\rc.command.1.tlog
D:\Projects\VideoAnalyzer\Release\rc.read.1.tlog
D:\Projects\VideoAnalyzer\Release\rc.write.1.tlog
D:\PROJECTS\VIDEOANALYZER\RELEASE\STDAFX.OBJ
D:\PROJECTS\VIDEOANALYZER\RELEASE\VC100.PDB
D:\PROJECTS\VIDEOANALYZER\RELEASE\VIDEOANALYZER.EXE
D:\PROJECTS\VIDEOANALYZER\RELEASE\VIDEOANALYZER.EXE.INTERMEDIATE.MANIFEST
D:\Projects\VideoAnalyzer\Release\VideoAnalyzer.Form1.resources
D:\PROJECTS\VIDEOANALYZER\RELEASE\VIDEOANALYZER.OBJ
D:\PROJECTS\VIDEOANALYZER\RELEASE\VIDEOANALYZER.PCH
D:\PROJECTS\VIDEOANALYZER\RELEASE\VIDEOANALYZER.PDB
D:\Projects\VideoAnalyzer\Release\VideoAnalyzer.vcxproj.GenerateResource.Cache
D:\Projects\VideoAnalyzer\Release\VideoAnalyzer.vcxprojResolveAssemblyReference.cache
D:\Projects\VideoAnalyzer\Release\VideoAnalyzer.write.1.tlog
